<?xml version="1.0" encoding="UTF-8"?>
<!-- Generated by org.testng.reporters.JUnitReportReporter -->
<testsuite hostname="DESKTOP-T7ICDAV" failures="0" tests="1" name="tasks.ValidationPage" time="22.780" errors="0" timestamp="2022-06-14T15:53:45 IST" skipped="0">
  <testcase classname="tasks.ValidationPage" name="logIn" time="22.780"/>
  <system-out/>
</testsuite> <!-- tasks.ValidationPage -->
