<?xml version="1.0" encoding="UTF-8"?>
<!-- Generated by org.testng.reporters.JUnitReportReporter -->
<testsuite hostname="DESKTOP-T7ICDAV" failures="0" tests="1" name="tasks.InvalidPage" time="10.669" errors="0" timestamp="2022-06-14T14:17:12 IST" skipped="0">
  <testcase classname="tasks.InvalidPage" name="invalidLogin" time="10.669"/>
  <system-out/>
</testsuite> <!-- tasks.InvalidPage -->
